<?xml version="1.0" encoding="UTF-8"?>
<!-- Generated by org.testng.reporters.JUnitReportReporter -->
<testsuite hostname="DESKTOP-P509HV9" failures="0" tests="1" name="com.qa.testLayer.LogInPageTest" time="17.104" errors="0" timestamp="2023-05-24T10:28:58 IST" skipped="0">
  <testcase classname="com.qa.testLayer.LogInPageTest" name="verifyLogin" time="17.104"/>
  <system-out/>
</testsuite> <!-- com.qa.testLayer.LogInPageTest -->
